   1               		.file	"pewPewEngine.c"
   2               	__SP_H__ = 0x3e
   3               	__SP_L__ = 0x3d
   4               	__SREG__ = 0x3f
   5               	__tmp_reg__ = 0
   6               	__zero_reg__ = 1
   7               		.text
   8               	.Ltext0:
   9               		.cfi_sections	.debug_frame
  10               		.section	.text.initPewPewEngine,"ax",@progbits
  11               	.global	initPewPewEngine
  13               	initPewPewEngine:
  14               	.LFB2:
  15               		.file 1 "pewPewEngine.c"
   1:pewPewEngine.c **** // pewPewEngine/pewPewEngine.c
   2:pewPewEngine.c **** #include <stdint.h>
   3:pewPewEngine.c **** #include <stdlib.h>
   4:pewPewEngine.c **** 
   5:pewPewEngine.c **** #include "cpu_speed.h"
   6:pewPewEngine.c **** #include "lcd.h"
   7:pewPewEngine.c **** #include "graphics.h"
   8:pewPewEngine.c **** #include "sprite.h"
   9:pewPewEngine.c **** 
  10:pewPewEngine.c **** #include "pewPewEngine.h"
  11:pewPewEngine.c **** #include "inputs.h"
  12:pewPewEngine.c **** #include "leds.h"
  13:pewPewEngine.c **** #include "timer.h"
  14:pewPewEngine.c **** 
  15:pewPewEngine.c **** PewPewEngine* createPewPewEngine(void){
  16:pewPewEngine.c **** 	PewPewEngine* game = (PewPewEngine*) malloc(sizeof(PewPewEngine));
  17:pewPewEngine.c **** 	initPewPewEngine(game);
  18:pewPewEngine.c **** 	return game;
  19:pewPewEngine.c **** }
  20:pewPewEngine.c **** 
  21:pewPewEngine.c **** void initPewPewEngine(PewPewEngine* game){
  16               		.loc 1 21 0
  17               		.cfi_startproc
  18               	.LVL0:
  19 0000 1F93      		push r17
  20               	.LCFI0:
  21               		.cfi_def_cfa_offset 3
  22               		.cfi_offset 17, -2
  23 0002 CF93      		push r28
  24               	.LCFI1:
  25               		.cfi_def_cfa_offset 4
  26               		.cfi_offset 28, -3
  27 0004 DF93      		push r29
  28               	.LCFI2:
  29               		.cfi_def_cfa_offset 5
  30               		.cfi_offset 29, -4
  31               	/* prologue: function */
  32               	/* frame size = 0 */
  33               	/* stack size = 3 */
  34               	.L__stack_usage = 3
  35 0006 EC01      		movw r28,r24
  22:pewPewEngine.c **** 	set_clock_speed(CPU_8MHz);
  36               		.loc 1 22 0
  37 0008 E1E6      		ldi r30,lo8(97)
  38 000a F0E0      		ldi r31,0
  39 000c 80E8      		ldi r24,lo8(-128)
  40               	.LVL1:
  41 000e 8083      		st Z,r24
  42 0010 11E0      		ldi r17,lo8(1)
  43 0012 1083      		st Z,r17
  23:pewPewEngine.c **** 
  24:pewPewEngine.c **** 	lcd_init(LCD_HIGH_CONTRAST);
  44               		.loc 1 24 0
  45 0014 8FE4      		ldi r24,lo8(79)
  46 0016 0E94 0000 		call lcd_init
  47               	.LVL2:
  25:pewPewEngine.c **** 	initInputs();
  48               		.loc 1 25 0
  49 001a 0E94 0000 		call initInputs
  50               	.LVL3:
  26:pewPewEngine.c **** 	initLEDs();
  51               		.loc 1 26 0
  52 001e 0E94 0000 		call initLEDs
  53               	.LVL4:
  27:pewPewEngine.c **** 
  28:pewPewEngine.c **** 	game->firstObject = NULL;
  54               		.loc 1 28 0
  55 0022 1982      		std Y+1,__zero_reg__
  56 0024 1882      		st Y,__zero_reg__
  29:pewPewEngine.c **** 	game->lastObject = NULL;
  57               		.loc 1 29 0
  58 0026 1B82      		std Y+3,__zero_reg__
  59 0028 1A82      		std Y+2,__zero_reg__
  30:pewPewEngine.c **** 	game->updateFunction = NULL;
  60               		.loc 1 30 0
  61 002a 1E82      		std Y+6,__zero_reg__
  62 002c 1D82      		std Y+5,__zero_reg__
  31:pewPewEngine.c **** 	game->stop = true;
  63               		.loc 1 31 0
  64 002e 1C83      		std Y+4,r17
  65               	/* epilogue start */
  32:pewPewEngine.c **** }
  66               		.loc 1 32 0
  67 0030 DF91      		pop r29
  68 0032 CF91      		pop r28
  69               	.LVL5:
  70 0034 1F91      		pop r17
  71 0036 0895      		ret
  72               		.cfi_endproc
  73               	.LFE2:
  75               		.section	.text.createPewPewEngine,"ax",@progbits
  76               	.global	createPewPewEngine
  78               	createPewPewEngine:
  79               	.LFB1:
  15:pewPewEngine.c **** PewPewEngine* createPewPewEngine(void){
  80               		.loc 1 15 0
  81               		.cfi_startproc
  82 0000 CF93      		push r28
  83               	.LCFI3:
  84               		.cfi_def_cfa_offset 3
  85               		.cfi_offset 28, -2
  86 0002 DF93      		push r29
  87               	.LCFI4:
  88               		.cfi_def_cfa_offset 4
  89               		.cfi_offset 29, -3
  90               	/* prologue: function */
  91               	/* frame size = 0 */
  92               	/* stack size = 2 */
  93               	.L__stack_usage = 2
  16:pewPewEngine.c **** 	PewPewEngine* game = (PewPewEngine*) malloc(sizeof(PewPewEngine));
  94               		.loc 1 16 0
  95 0004 87E0      		ldi r24,lo8(7)
  96 0006 90E0      		ldi r25,0
  97 0008 0E94 0000 		call malloc
  98               	.LVL6:
  99 000c EC01      		movw r28,r24
 100               	.LVL7:
  17:pewPewEngine.c **** 	initPewPewEngine(game);
 101               		.loc 1 17 0
 102 000e 0E94 0000 		call initPewPewEngine
 103               	.LVL8:
  19:pewPewEngine.c **** }
 104               		.loc 1 19 0
 105 0012 CE01      		movw r24,r28
 106               	/* epilogue start */
 107 0014 DF91      		pop r29
 108 0016 CF91      		pop r28
 109               	.LVL9:
 110 0018 0895      		ret
 111               		.cfi_endproc
 112               	.LFE1:
 114               		.section	.text.createGameObject,"ax",@progbits
 115               	.global	createGameObject
 117               	createGameObject:
 118               	.LFB3:
  33:pewPewEngine.c **** 
  34:pewPewEngine.c **** GameObject* createGameObject(PewPewEngine* game, float x, float y, unsigned char width, unsigned ch
 119               		.loc 1 34 0
 120               		.cfi_startproc
 121               	.LVL10:
 122 0000 2F92      		push r2
 123               	.LCFI5:
 124               		.cfi_def_cfa_offset 3
 125               		.cfi_offset 2, -2
 126 0002 3F92      		push r3
 127               	.LCFI6:
 128               		.cfi_def_cfa_offset 4
 129               		.cfi_offset 3, -3
 130 0004 4F92      		push r4
 131               	.LCFI7:
 132               		.cfi_def_cfa_offset 5
 133               		.cfi_offset 4, -4
 134 0006 5F92      		push r5
 135               	.LCFI8:
 136               		.cfi_def_cfa_offset 6
 137               		.cfi_offset 5, -5
 138 0008 6F92      		push r6
 139               	.LCFI9:
 140               		.cfi_def_cfa_offset 7
 141               		.cfi_offset 6, -6
 142 000a 7F92      		push r7
 143               	.LCFI10:
 144               		.cfi_def_cfa_offset 8
 145               		.cfi_offset 7, -7
 146 000c 8F92      		push r8
 147               	.LCFI11:
 148               		.cfi_def_cfa_offset 9
 149               		.cfi_offset 8, -8
 150 000e 9F92      		push r9
 151               	.LCFI12:
 152               		.cfi_def_cfa_offset 10
 153               		.cfi_offset 9, -9
 154 0010 AF92      		push r10
 155               	.LCFI13:
 156               		.cfi_def_cfa_offset 11
 157               		.cfi_offset 10, -10
 158 0012 BF92      		push r11
 159               	.LCFI14:
 160               		.cfi_def_cfa_offset 12
 161               		.cfi_offset 11, -11
 162 0014 CF92      		push r12
 163               	.LCFI15:
 164               		.cfi_def_cfa_offset 13
 165               		.cfi_offset 12, -12
 166 0016 EF92      		push r14
 167               	.LCFI16:
 168               		.cfi_def_cfa_offset 14
 169               		.cfi_offset 14, -13
 170 0018 0F93      		push r16
 171               	.LCFI17:
 172               		.cfi_def_cfa_offset 15
 173               		.cfi_offset 16, -14
 174 001a 1F93      		push r17
 175               	.LCFI18:
 176               		.cfi_def_cfa_offset 16
 177               		.cfi_offset 17, -15
 178 001c CF93      		push r28
 179               	.LCFI19:
 180               		.cfi_def_cfa_offset 17
 181               		.cfi_offset 28, -16
 182 001e DF93      		push r29
 183               	.LCFI20:
 184               		.cfi_def_cfa_offset 18
 185               		.cfi_offset 29, -17
 186 0020 00D0      		rcall .
 187 0022 00D0      		rcall .
 188               	.LCFI21:
 189               		.cfi_def_cfa_offset 22
 190 0024 CDB7      		in r28,__SP_L__
 191 0026 DEB7      		in r29,__SP_H__
 192               	.LCFI22:
 193               		.cfi_def_cfa_register 28
 194               	/* prologue: function */
 195               	/* frame size = 4 */
 196               	/* stack size = 20 */
 197               	.L__stack_usage = 20
 198 0028 4C01      		movw r8,r24
 199 002a 2801      		movw r4,r16
 200 002c 3901      		movw r6,r18
  35:pewPewEngine.c **** 	GameObject* obj = (GameObject*) malloc(sizeof(GameObject));
 201               		.loc 1 35 0
 202 002e 8EE0      		ldi r24,lo8(14)
 203 0030 90E0      		ldi r25,0
 204               	.LVL11:
 205 0032 4983      		std Y+1,r20
 206 0034 5A83      		std Y+2,r21
 207 0036 6B83      		std Y+3,r22
 208 0038 7C83      		std Y+4,r23
 209 003a 0E94 0000 		call malloc
 210               	.LVL12:
 211 003e 1C01      		movw r2,r24
 212               	.LVL13:
  36:pewPewEngine.c **** 	obj->sprite = (Sprite*) malloc(sizeof(Sprite));
 213               		.loc 1 36 0
 214 0040 85E1      		ldi r24,lo8(21)
 215 0042 90E0      		ldi r25,0
 216 0044 0E94 0000 		call malloc
 217               	.LVL14:
 218 0048 D101      		movw r26,r2
 219 004a 8D93      		st X+,r24
 220 004c 9C93      		st X,r25
  37:pewPewEngine.c **** 
  38:pewPewEngine.c **** 	init_sprite(obj->sprite, x, y, width, height, bitmap);
 221               		.loc 1 38 0
 222 004e 9301      		movw r18,r6
 223 0050 8201      		movw r16,r4
 224               	.LVL15:
 225 0052 4981      		ldd r20,Y+1
 226 0054 5A81      		ldd r21,Y+2
 227 0056 6B81      		ldd r22,Y+3
 228 0058 7C81      		ldd r23,Y+4
 229 005a 0E94 0000 		call init_sprite
 230               	.LVL16:
  39:pewPewEngine.c **** 	obj->type = NULL;
 231               		.loc 1 39 0
 232 005e F101      		movw r30,r2
 233 0060 1382      		std Z+3,__zero_reg__
 234 0062 1282      		std Z+2,__zero_reg__
  40:pewPewEngine.c **** 	obj->updateFunction = NULL;
 235               		.loc 1 40 0
 236 0064 1582      		std Z+5,__zero_reg__
 237 0066 1482      		std Z+4,__zero_reg__
  41:pewPewEngine.c **** 	obj->updateEvery = 0;
 238               		.loc 1 41 0
 239 0068 1782      		std Z+7,__zero_reg__
 240 006a 1682      		std Z+6,__zero_reg__
  42:pewPewEngine.c **** 	obj->updateCounter = 0;
 241               		.loc 1 42 0
 242 006c 1186      		std Z+9,__zero_reg__
 243 006e 1086      		std Z+8,__zero_reg__
  43:pewPewEngine.c **** 	obj->data = NULL;
 244               		.loc 1 43 0
 245 0070 1386      		std Z+11,__zero_reg__
 246 0072 1286      		std Z+10,__zero_reg__
  44:pewPewEngine.c **** 	obj->nextObject = NULL;
 247               		.loc 1 44 0
 248 0074 1586      		std Z+13,__zero_reg__
 249 0076 1486      		std Z+12,__zero_reg__
  45:pewPewEngine.c **** 
  46:pewPewEngine.c **** 	// if the last object exists
  47:pewPewEngine.c **** 	if(game->lastObject != NULL){
 250               		.loc 1 47 0
 251 0078 D401      		movw r26,r8
 252 007a 1296      		adiw r26,2
 253 007c ED91      		ld r30,X+
 254 007e FC91      		ld r31,X
 255 0080 1397      		sbiw r26,2+1
 256 0082 3097      		sbiw r30,0
 257 0084 01F0      		breq .L4
  48:pewPewEngine.c **** 		game->lastObject->nextObject = obj;
 258               		.loc 1 48 0
 259 0086 3586      		std Z+13,r3
 260 0088 2486      		std Z+12,r2
  49:pewPewEngine.c **** 		game->lastObject = obj;
 261               		.loc 1 49 0
 262 008a 1396      		adiw r26,2+1
 263 008c 3C92      		st X,r3
 264 008e 2E92      		st -X,r2
 265 0090 1297      		sbiw r26,2
 266 0092 00C0      		rjmp .L5
 267               	.L4:
  50:pewPewEngine.c **** 	}
  51:pewPewEngine.c **** 
  52:pewPewEngine.c **** 	// otherwise, this should be the first object in the list.
  53:pewPewEngine.c **** 	else if(game->firstObject == NULL){
 268               		.loc 1 53 0
 269 0094 F401      		movw r30,r8
 270 0096 8081      		ld r24,Z
 271 0098 9181      		ldd r25,Z+1
 272 009a 892B      		or r24,r25
 273 009c 01F4      		brne .L5
  54:pewPewEngine.c **** 		game->firstObject = obj;
 274               		.loc 1 54 0
 275 009e 3182      		std Z+1,r3
 276 00a0 2082      		st Z,r2
  55:pewPewEngine.c **** 		game->lastObject = obj;
 277               		.loc 1 55 0
 278 00a2 3382      		std Z+3,r3
 279 00a4 2282      		std Z+2,r2
 280               	.L5:
  56:pewPewEngine.c **** 	}
  57:pewPewEngine.c **** 	return obj;
  58:pewPewEngine.c **** }
 281               		.loc 1 58 0
 282 00a6 C101      		movw r24,r2
 283               	/* epilogue start */
 284 00a8 0F90      		pop __tmp_reg__
 285 00aa 0F90      		pop __tmp_reg__
 286 00ac 0F90      		pop __tmp_reg__
 287 00ae 0F90      		pop __tmp_reg__
 288 00b0 DF91      		pop r29
 289 00b2 CF91      		pop r28
 290 00b4 1F91      		pop r17
 291 00b6 0F91      		pop r16
 292 00b8 EF90      		pop r14
 293               	.LVL17:
 294 00ba CF90      		pop r12
 295               	.LVL18:
 296 00bc BF90      		pop r11
 297 00be AF90      		pop r10
 298               	.LVL19:
 299 00c0 9F90      		pop r9
 300 00c2 8F90      		pop r8
 301               	.LVL20:
 302 00c4 7F90      		pop r7
 303 00c6 6F90      		pop r6
 304 00c8 5F90      		pop r5
 305 00ca 4F90      		pop r4
 306               	.LVL21:
 307 00cc 3F90      		pop r3
 308 00ce 2F90      		pop r2
 309               	.LVL22:
 310 00d0 0895      		ret
 311               		.cfi_endproc
 312               	.LFE3:
 314               		.section	.text.destroyGameObject,"ax",@progbits
 315               	.global	destroyGameObject
 317               	destroyGameObject:
 318               	.LFB4:
  59:pewPewEngine.c **** 
  60:pewPewEngine.c **** void destroyGameObject(PewPewEngine* game, GameObject* obj){
 319               		.loc 1 60 0
 320               		.cfi_startproc
 321               	.LVL23:
 322               	/* prologue: function */
 323               	/* frame size = 0 */
 324               	/* stack size = 0 */
 325               	.L__stack_usage = 0
 326 0000 FC01      		movw r30,r24
  61:pewPewEngine.c **** 	// manage linked list
  62:pewPewEngine.c **** 	// if not the first or last object in the list
  63:pewPewEngine.c **** 	if(obj != game->firstObject && obj != game->lastObject){
 327               		.loc 1 63 0
 328 0002 A081      		ld r26,Z
 329 0004 B181      		ldd r27,Z+1
 330 0006 8281      		ldd r24,Z+2
 331 0008 9381      		ldd r25,Z+3
 332               	.LVL24:
 333 000a 6A17      		cp r22,r26
 334 000c 7B07      		cpc r23,r27
 335 000e 01F0      		breq .L8
 336               		.loc 1 63 0 is_stmt 0 discriminator 1
 337 0010 6817      		cp r22,r24
 338 0012 7907      		cpc r23,r25
 339 0014 01F0      		breq .L9
 340               	.LBB2:
  64:pewPewEngine.c **** 		// loop until it finds the gameObject in question
  65:pewPewEngine.c **** 		GameObject* oldGameObject = game->firstObject;
  66:pewPewEngine.c **** 		// should always break from within. if not something is wrong
  67:pewPewEngine.c **** 		while(1){
  68:pewPewEngine.c **** 			if(oldGameObject->nextObject == obj){
 341               		.loc 1 68 0 is_stmt 1
 342 0016 1C96      		adiw r26,12
 343 0018 8D91      		ld r24,X+
 344 001a 9C91      		ld r25,X
 345 001c 1D97      		sbiw r26,12+1
 346 001e 8617      		cp r24,r22
 347 0020 9707      		cpc r25,r23
 348 0022 01F0      		breq .L10
 349               	.L13:
 350 0024 00C0      		rjmp .L13
 351               	.L10:
  69:pewPewEngine.c **** 				oldGameObject->nextObject = obj->nextObject;
 352               		.loc 1 69 0
 353 0026 FB01      		movw r30,r22
 354               	.LVL25:
 355 0028 8485      		ldd r24,Z+12
 356 002a 9585      		ldd r25,Z+13
 357 002c 1D96      		adiw r26,12+1
 358 002e 9C93      		st X,r25
 359 0030 8E93      		st -X,r24
 360 0032 1C97      		sbiw r26,12
 361               	.LBE2:
  63:pewPewEngine.c **** 	if(obj != game->firstObject && obj != game->lastObject){
 362               		.loc 1 63 0
 363 0034 00C0      		rjmp .L12
 364               	.LVL26:
 365               	.L8:
  70:pewPewEngine.c **** 				break;
  71:pewPewEngine.c **** 			}
  72:pewPewEngine.c **** 		}
  73:pewPewEngine.c **** 
  74:pewPewEngine.c **** 	} else {
  75:pewPewEngine.c **** 		// if obj is the first object 
  76:pewPewEngine.c **** 		if(obj == game->firstObject){
  77:pewPewEngine.c **** 			game->firstObject = obj->nextObject;
 366               		.loc 1 77 0
 367 0036 DB01      		movw r26,r22
 368 0038 1C96      		adiw r26,12
 369 003a 2D91      		ld r18,X+
 370 003c 3C91      		ld r19,X
 371 003e 1D97      		sbiw r26,12+1
 372 0040 3183      		std Z+1,r19
 373 0042 2083      		st Z,r18
 374               	.L9:
  78:pewPewEngine.c **** 		}
  79:pewPewEngine.c **** 		// if obj was the last object
  80:pewPewEngine.c **** 		if(obj == game->lastObject){
 375               		.loc 1 80 0
 376 0044 6817      		cp r22,r24
 377 0046 7907      		cpc r23,r25
 378 0048 01F4      		brne .L12
  81:pewPewEngine.c **** 			game->lastObject = NULL;
 379               		.loc 1 81 0
 380 004a 1382      		std Z+3,__zero_reg__
 381 004c 1282      		std Z+2,__zero_reg__
 382               	.LVL27:
 383               	.L12:
  82:pewPewEngine.c **** 		}
  83:pewPewEngine.c **** 	}
  84:pewPewEngine.c **** 
  85:pewPewEngine.c **** 	// free object from memory
  86:pewPewEngine.c **** 	free(obj);
 384               		.loc 1 86 0
 385 004e CB01      		movw r24,r22
 386 0050 0C94 0000 		jmp free
 387               	.LVL28:
 388               		.cfi_endproc
 389               	.LFE4:
 391               		.section	.text.runEngine,"ax",@progbits
 392               	.global	runEngine
 394               	runEngine:
 395               	.LFB5:
  87:pewPewEngine.c **** }
  88:pewPewEngine.c **** 
  89:pewPewEngine.c **** void runEngine(PewPewEngine* game){
 396               		.loc 1 89 0
 397               		.cfi_startproc
 398               	.LVL29:
 399 0000 EF92      		push r14
 400               	.LCFI23:
 401               		.cfi_def_cfa_offset 3
 402               		.cfi_offset 14, -2
 403 0002 FF92      		push r15
 404               	.LCFI24:
 405               		.cfi_def_cfa_offset 4
 406               		.cfi_offset 15, -3
 407 0004 0F93      		push r16
 408               	.LCFI25:
 409               		.cfi_def_cfa_offset 5
 410               		.cfi_offset 16, -4
 411 0006 1F93      		push r17
 412               	.LCFI26:
 413               		.cfi_def_cfa_offset 6
 414               		.cfi_offset 17, -5
 415 0008 CF93      		push r28
 416               	.LCFI27:
 417               		.cfi_def_cfa_offset 7
 418               		.cfi_offset 28, -6
 419 000a DF93      		push r29
 420               	.LCFI28:
 421               		.cfi_def_cfa_offset 8
 422               		.cfi_offset 29, -7
 423               	/* prologue: function */
 424               	/* frame size = 0 */
 425               	/* stack size = 6 */
 426               	.L__stack_usage = 6
 427 000c 8C01      		movw r16,r24
 428               	.LVL30:
 429               	.L25:
  90:pewPewEngine.c **** 	// while the game is running
  91:pewPewEngine.c **** 	while(!game->stop){
 430               		.loc 1 91 0 discriminator 1
 431 000e F801      		movw r30,r16
 432 0010 8481      		ldd r24,Z+4
 433 0012 8111      		cpse r24,__zero_reg__
 434 0014 00C0      		rjmp .L43
 435               	.LBB3:
  92:pewPewEngine.c **** 		// set timeDiff since last turn.
  93:pewPewEngine.c **** 		uint16_t timeDiff = getTimeDiff();
 436               		.loc 1 93 0
 437 0016 0E94 0000 		call getTimeDiff
 438               	.LVL31:
 439 001a 7C01      		movw r14,r24
 440               	.LVL32:
  94:pewPewEngine.c **** 
  95:pewPewEngine.c **** 		// if a main game update function exists
  96:pewPewEngine.c **** 		if(game->updateFunction != NULL){
 441               		.loc 1 96 0
 442 001c D801      		movw r26,r16
 443 001e 1596      		adiw r26,5
 444 0020 ED91      		ld r30,X+
 445 0022 FC91      		ld r31,X
 446 0024 1697      		sbiw r26,5+1
 447 0026 3097      		sbiw r30,0
 448 0028 01F0      		breq .L16
  97:pewPewEngine.c **** 			(*(game->updateFunction))(game);
 449               		.loc 1 97 0
 450 002a C801      		movw r24,r16
 451 002c 0995      		icall
 452               	.LVL33:
 453               	.L16:
  98:pewPewEngine.c **** 		}
  99:pewPewEngine.c **** 
 100:pewPewEngine.c **** 		// if a first object exists
 101:pewPewEngine.c **** 		if(game->firstObject != NULL){
 454               		.loc 1 101 0
 455 002e F801      		movw r30,r16
 456 0030 C081      		ld r28,Z
 457 0032 D181      		ldd r29,Z+1
 458 0034 2097      		sbiw r28,0
 459 0036 01F4      		brne .L38
 460               	.L23:
 102:pewPewEngine.c **** 			GameObject* obj = game->firstObject;
 103:pewPewEngine.c **** 			do{
 104:pewPewEngine.c **** 				// if it's time to run the object update function
 105:pewPewEngine.c **** 				if(obj->updateCounter <= 0){
 106:pewPewEngine.c **** 					// if object has an update function and if the time for that function to update is up
 107:pewPewEngine.c **** 					if(obj->updateFunction != NULL){
 108:pewPewEngine.c **** 						// run the update function, passing in the engine and object pointers.
 109:pewPewEngine.c **** 						(*(obj->updateFunction))(game, obj);
 110:pewPewEngine.c **** 					}
 111:pewPewEngine.c **** 				} else {
 112:pewPewEngine.c **** 					// decrement update counter by time difference
 113:pewPewEngine.c **** 					obj->updateCounter -= timeDiff;
 114:pewPewEngine.c **** 				}
 115:pewPewEngine.c **** 
 116:pewPewEngine.c **** 				// if a next object exists, set it for the loop reset
 117:pewPewEngine.c **** 				if(obj->nextObject != NULL){
 118:pewPewEngine.c **** 					obj = obj->nextObject;
 119:pewPewEngine.c **** 				}
 120:pewPewEngine.c **** 			} while(obj->nextObject != NULL); // while the next object still exists
 121:pewPewEngine.c **** 		}
 122:pewPewEngine.c **** 
 123:pewPewEngine.c **** 		// draw all game objects to screen
 124:pewPewEngine.c **** 		// if a first object exists
 125:pewPewEngine.c **** 		clear_screen();
 461               		.loc 1 125 0
 462 0038 0E94 0000 		call clear_screen
 463               	.LVL34:
 126:pewPewEngine.c **** 		if(game->firstObject != NULL){
 464               		.loc 1 126 0
 465 003c D801      		movw r26,r16
 466 003e CD91      		ld r28,X+
 467 0040 DC91      		ld r29,X
 468 0042 2097      		sbiw r28,0
 469 0044 01F0      		breq .L25
 470 0046 00C0      		rjmp .L28
 471               	.LVL35:
 472               	.L44:
 473               	.LBB4:
 107:pewPewEngine.c **** 					if(obj->updateFunction != NULL){
 474               		.loc 1 107 0
 475 0048 EC81      		ldd r30,Y+4
 476 004a FD81      		ldd r31,Y+5
 477 004c 3097      		sbiw r30,0
 478 004e 01F0      		breq .L21
 109:pewPewEngine.c **** 						(*(obj->updateFunction))(game, obj);
 479               		.loc 1 109 0
 480 0050 BE01      		movw r22,r28
 481 0052 C801      		movw r24,r16
 482 0054 0995      		icall
 483               	.LVL36:
 484               	.L21:
 117:pewPewEngine.c **** 				if(obj->nextObject != NULL){
 485               		.loc 1 117 0
 486 0056 2C85      		ldd r18,Y+12
 487 0058 3D85      		ldd r19,Y+13
 488 005a 2115      		cp r18,__zero_reg__
 489 005c 3105      		cpc r19,__zero_reg__
 490 005e 01F0      		breq .L22
 491 0060 E901      		movw r28,r18
 492               	.LVL37:
 493               	.L22:
 120:pewPewEngine.c **** 			} while(obj->nextObject != NULL); // while the next object still exists
 494               		.loc 1 120 0
 495 0062 8C85      		ldd r24,Y+12
 496 0064 9D85      		ldd r25,Y+13
 497 0066 892B      		or r24,r25
 498 0068 01F0      		breq .L23
 499               	.LVL38:
 500               	.L38:
 105:pewPewEngine.c **** 				if(obj->updateCounter <= 0){
 501               		.loc 1 105 0
 502 006a 8885      		ldd r24,Y+8
 503 006c 9985      		ldd r25,Y+9
 504 006e 1816      		cp __zero_reg__,r24
 505 0070 1906      		cpc __zero_reg__,r25
 506 0072 04F4      		brge .L44
 113:pewPewEngine.c **** 					obj->updateCounter -= timeDiff;
 507               		.loc 1 113 0
 508 0074 8E19      		sub r24,r14
 509 0076 9F09      		sbc r25,r15
 510 0078 9987      		std Y+9,r25
 511 007a 8887      		std Y+8,r24
 512 007c 00C0      		rjmp .L21
 513               	.LVL39:
 514               	.L26:
 515               	.LBE4:
 516               	.LBB5:
 127:pewPewEngine.c **** 			GameObject* obj = game->firstObject;
 128:pewPewEngine.c **** 			do{
 129:pewPewEngine.c **** 				draw_sprite(obj->sprite);
 130:pewPewEngine.c **** 				if(obj->nextObject != NULL){
 131:pewPewEngine.c **** 					obj = obj->nextObject;
 132:pewPewEngine.c **** 				}
 133:pewPewEngine.c **** 			} while(obj->nextObject != NULL);
 517               		.loc 1 133 0
 518 007e 8C85      		ldd r24,Y+12
 519 0080 9D85      		ldd r25,Y+13
 520 0082 892B      		or r24,r25
 521 0084 01F0      		breq .L25
 522               	.LVL40:
 523               	.L28:
 129:pewPewEngine.c **** 				draw_sprite(obj->sprite);
 524               		.loc 1 129 0
 525 0086 8881      		ld r24,Y
 526 0088 9981      		ldd r25,Y+1
 527 008a 0E94 0000 		call draw_sprite
 528               	.LVL41:
 130:pewPewEngine.c **** 				if(obj->nextObject != NULL){
 529               		.loc 1 130 0
 530 008e 8C85      		ldd r24,Y+12
 531 0090 9D85      		ldd r25,Y+13
 532 0092 0097      		sbiw r24,0
 533 0094 01F0      		breq .L26
 534               	.LVL42:
 535 0096 EC01      		movw r28,r24
 536 0098 00C0      		rjmp .L26
 537               	.LVL43:
 538               	.L43:
 539               	/* epilogue start */
 540               	.LBE5:
 541               	.LBE3:
 134:pewPewEngine.c **** 		}
 135:pewPewEngine.c **** 	}
 136:pewPewEngine.c **** }
 542               		.loc 1 136 0
 543 009a DF91      		pop r29
 544 009c CF91      		pop r28
 545 009e 1F91      		pop r17
 546 00a0 0F91      		pop r16
 547               	.LVL44:
 548 00a2 FF90      		pop r15
 549 00a4 EF90      		pop r14
 550 00a6 0895      		ret
 551               		.cfi_endproc
 552               	.LFE5:
 554               		.comm	pewPewTimerDiff,2,1
 555               		.text
 556               	.Letext0:
 557               		.file 2 "/usr/lib/avr/include/stdint.h"
 558               		.file 3 "/usr/lib/gcc/avr/4.8.2/include/stddef.h"
 559               		.file 4 "./cab202_teensy/sprite.h"
 560               		.file 5 "pewPewEngine.h"
 561               		.file 6 "./cab202_teensy/ascii_font.h"
 562               		.file 7 "inputs.h"
 563               		.file 8 "leds.h"
 564               		.file 9 "./cab202_teensy/lcd.h"
 565               		.file 10 "/usr/lib/avr/include/stdlib.h"
 566               		.file 11 "./cab202_teensy/graphics.h"
 567               		.file 12 "timer.h"
DEFINED SYMBOLS
                            *ABS*:0000000000000000 pewPewEngine.c
     /tmp/cczvJTHP.s:2      *ABS*:000000000000003e __SP_H__
     /tmp/cczvJTHP.s:3      *ABS*:000000000000003d __SP_L__
     /tmp/cczvJTHP.s:4      *ABS*:000000000000003f __SREG__
     /tmp/cczvJTHP.s:5      *ABS*:0000000000000000 __tmp_reg__
     /tmp/cczvJTHP.s:6      *ABS*:0000000000000001 __zero_reg__
     /tmp/cczvJTHP.s:13     .text.initPewPewEngine:0000000000000000 initPewPewEngine
     /tmp/cczvJTHP.s:78     .text.createPewPewEngine:0000000000000000 createPewPewEngine
     /tmp/cczvJTHP.s:117    .text.createGameObject:0000000000000000 createGameObject
     /tmp/cczvJTHP.s:317    .text.destroyGameObject:0000000000000000 destroyGameObject
     /tmp/cczvJTHP.s:394    .text.runEngine:0000000000000000 runEngine
                            *COM*:0000000000000002 pewPewTimerDiff

UNDEFINED SYMBOLS
lcd_init
initInputs
initLEDs
malloc
init_sprite
free
getTimeDiff
clear_screen
draw_sprite
__do_clear_bss
